<component name="libraryTable">
  <library name="JUnit4">
    <CLASSES>
      <root url="jar://$USER_HOME$/Downloads/Study/hamcrest-core-1.3.jar!/" />
      <root url="jar://$USER_HOME$/Downloads/Study/hamcrest-library-1.3.jar!/" />
      <root url="jar://$USER_HOME$/Downloads/Study/junit-4.10.jar!/" />
    </CLASSES>
    <JAVADOC />
    <SOURCES />
  </library>
</component>